<?xml version="1.0" encoding="UTF-8"?>
<!-- Generated by org.testng.reporters.JUnitXMLReporter -->
<testsuite ignored="0" hostname="DESKTOP-88R09EB" failures="0" tests="4" name="Test" time="22.552" errors="0" timestamp="2023-05-09T22:49:46 IST">
  <testcase classname="com.tests.LoginTest" name="verifyLoginButtonTest" time="0.111"/>
  <testcase classname="com.tests.LoginTest" name="verifyAlertMessageTest" time="0.206"/>
  <testcase classname="com.tests.HomeTest" name="swagLabsHeadingTest" time="0.697"/>
  <testcase classname="com.tests.HomeTest" name="productsHeadingTest" time="0.707"/>
</testsuite> <!-- Test -->
