<?xml version="1.0" encoding="UTF-8"?>
<!-- Generated by org.testng.reporters.JUnitXMLReporter -->
<testsuite ignored="0" hostname="DESKTOP-88R09EB" failures="0" tests="4" name="Test" time="25.301" errors="0" timestamp="2023-05-08T23:08:05 IST">
  <testcase classname="com.tests.LoginTest" name="verifyLoginButtonTest" time="0.119"/>
  <testcase classname="com.tests.LoginTest" name="verifyAlertMessageTest" time="0.325"/>
  <testcase classname="com.tests.HomeTest" name="swagLabsHeadingTest" time="0.858"/>
  <testcase classname="com.tests.HomeTest" name="productsHeadingTest" time="0.811"/>
</testsuite> <!-- Test -->
