<?xml version="1.0" encoding="UTF-8"?>
<testng-results ignored="0" total="4" passed="4" failed="0" skipped="0">
  <reporter-output>
  </reporter-output>
  <suite started-at="2023-05-08T23:07:39 IST" name="Suite" finished-at="2023-05-08T23:08:05 IST" duration-ms="25301">
    <groups>
    </groups>
    <test started-at="2023-05-08T23:07:39 IST" name="Test" finished-at="2023-05-08T23:08:05 IST" duration-ms="25301">
      <class name="com.tests.HomeTest">
        <test-method is-config="true" signature="setUp()[pri:0, instance:com.tests.HomeTest@750e2b97]" started-at="2023-05-08T23:07:54 IST" name="setUp" finished-at="2023-05-08T23:07:59 IST" duration-ms="4222" status="PASS">
          <reporter-output>
          </reporter-output>
        </test-method> <!-- setUp -->
        <test-method signature="swagLabsHeadingTest()[pri:0, instance:com.tests.HomeTest@750e2b97]" started-at="2023-05-08T23:07:59 IST" name="swagLabsHeadingTest" finished-at="2023-05-08T23:08:00 IST" duration-ms="858" status="PASS">
          <reporter-output>
          </reporter-output>
        </test-method> <!-- swagLabsHeadingTest -->
        <test-method is-config="true" signature="tearDown()[pri:0, instance:com.tests.HomeTest@750e2b97]" started-at="2023-05-08T23:08:00 IST" name="tearDown" finished-at="2023-05-08T23:08:00 IST" duration-ms="72" status="PASS">
          <reporter-output>
          </reporter-output>
        </test-method> <!-- tearDown -->
        <test-method is-config="true" signature="setUp()[pri:0, instance:com.tests.HomeTest@750e2b97]" started-at="2023-05-08T23:08:00 IST" name="setUp" finished-at="2023-05-08T23:08:04 IST" duration-ms="4103" status="PASS">
          <reporter-output>
          </reporter-output>
        </test-method> <!-- setUp -->
        <test-method signature="productsHeadingTest()[pri:1, instance:com.tests.HomeTest@750e2b97]" started-at="2023-05-08T23:08:04 IST" name="productsHeadingTest" finished-at="2023-05-08T23:08:05 IST" duration-ms="811" status="PASS">
          <reporter-output>
          </reporter-output>
        </test-method> <!-- productsHeadingTest -->
        <test-method is-config="true" signature="tearDown()[pri:0, instance:com.tests.HomeTest@750e2b97]" started-at="2023-05-08T23:08:05 IST" name="tearDown" finished-at="2023-05-08T23:08:05 IST" duration-ms="74" status="PASS">
          <reporter-output>
          </reporter-output>
        </test-method> <!-- tearDown -->
      </class> <!-- com.tests.HomeTest -->
      <class name="com.tests.LoginTest">
        <test-method is-config="true" signature="setUp()[pri:0, instance:com.tests.LoginTest@3646a422]" started-at="2023-05-08T23:07:39 IST" name="setUp" finished-at="2023-05-08T23:07:50 IST" duration-ms="10150" status="PASS">
          <reporter-output>
          </reporter-output>
        </test-method> <!-- setUp -->
        <test-method signature="verifyLoginButtonTest()[pri:0, instance:com.tests.LoginTest@3646a422]" started-at="2023-05-08T23:07:50 IST" name="verifyLoginButtonTest" finished-at="2023-05-08T23:07:50 IST" duration-ms="119" status="PASS">
          <reporter-output>
          </reporter-output>
        </test-method> <!-- verifyLoginButtonTest -->
        <test-method is-config="true" signature="tearDown()[pri:0, instance:com.tests.LoginTest@3646a422]" started-at="2023-05-08T23:07:50 IST" name="tearDown" finished-at="2023-05-08T23:07:50 IST" duration-ms="154" status="PASS">
          <reporter-output>
          </reporter-output>
        </test-method> <!-- tearDown -->
        <test-method is-config="true" signature="setUp()[pri:0, instance:com.tests.LoginTest@3646a422]" started-at="2023-05-08T23:07:50 IST" name="setUp" finished-at="2023-05-08T23:07:54 IST" duration-ms="4177" status="PASS">
          <reporter-output>
          </reporter-output>
        </test-method> <!-- setUp -->
        <test-method signature="verifyAlertMessageTest()[pri:1, instance:com.tests.LoginTest@3646a422]" started-at="2023-05-08T23:07:54 IST" name="verifyAlertMessageTest" finished-at="2023-05-08T23:07:54 IST" duration-ms="325" status="PASS">
          <reporter-output>
          </reporter-output>
        </test-method> <!-- verifyAlertMessageTest -->
        <test-method is-config="true" signature="tearDown()[pri:0, instance:com.tests.LoginTest@3646a422]" started-at="2023-05-08T23:07:54 IST" name="tearDown" finished-at="2023-05-08T23:07:54 IST" duration-ms="54" status="PASS">
          <reporter-output>
          </reporter-output>
        </test-method> <!-- tearDown -->
      </class> <!-- com.tests.LoginTest -->
    </test> <!-- Test -->
  </suite> <!-- Suite -->
</testng-results>
