<?xml version="1.0" encoding="UTF-8"?>
<testng-results ignored="0" total="2" passed="2" failed="0" skipped="0">
  <reporter-output>
  </reporter-output>
  <suite started-at="2023-05-10T21:59:48 IST" name="Default suite" finished-at="2023-05-10T22:00:05 IST" duration-ms="17469">
    <groups>
    </groups>
    <test started-at="2023-05-10T21:59:48 IST" name="Default test" finished-at="2023-05-10T22:00:05 IST" duration-ms="17469">
      <class name="com.tests.HomeTest">
        <test-method is-config="true" signature="setUp()[pri:0, instance:com.tests.HomeTest@54a7079e]" started-at="2023-05-10T21:59:48 IST" name="setUp" finished-at="2023-05-10T21:59:59 IST" duration-ms="10897" status="PASS">
          <reporter-output>
          </reporter-output>
        </test-method> <!-- setUp -->
        <test-method signature="swagLabsHeadingTest()[pri:0, instance:com.tests.HomeTest@54a7079e]" started-at="2023-05-10T21:59:59 IST" name="swagLabsHeadingTest" finished-at="2023-05-10T22:00:00 IST" duration-ms="1150" status="PASS">
          <reporter-output>
          </reporter-output>
        </test-method> <!-- swagLabsHeadingTest -->
        <test-method is-config="true" signature="tearDown()[pri:0, instance:com.tests.HomeTest@54a7079e]" started-at="2023-05-10T22:00:00 IST" name="tearDown" finished-at="2023-05-10T22:00:00 IST" duration-ms="557" status="PASS">
          <reporter-output>
          </reporter-output>
        </test-method> <!-- tearDown -->
        <test-method is-config="true" signature="setUp()[pri:0, instance:com.tests.HomeTest@54a7079e]" started-at="2023-05-10T22:00:00 IST" name="setUp" finished-at="2023-05-10T22:00:04 IST" duration-ms="3362" status="PASS">
          <reporter-output>
          </reporter-output>
        </test-method> <!-- setUp -->
        <test-method signature="productsHeadingTest()[pri:1, instance:com.tests.HomeTest@54a7079e]" started-at="2023-05-10T22:00:04 IST" name="productsHeadingTest" finished-at="2023-05-10T22:00:05 IST" duration-ms="977" status="PASS">
          <reporter-output>
          </reporter-output>
        </test-method> <!-- productsHeadingTest -->
        <test-method is-config="true" signature="tearDown()[pri:0, instance:com.tests.HomeTest@54a7079e]" started-at="2023-05-10T22:00:05 IST" name="tearDown" finished-at="2023-05-10T22:00:05 IST" duration-ms="400" status="PASS">
          <reporter-output>
          </reporter-output>
        </test-method> <!-- tearDown -->
      </class> <!-- com.tests.HomeTest -->
    </test> <!-- Default test -->
  </suite> <!-- Default suite -->
</testng-results>
